\BOOKMARK [0][-]{Doc-Start}{\376\377\000T\000i\000t\000l\000e\000\040\000P\000a\000g\000e}{}% 1
\BOOKMARK [0][-]{section*.1}{\376\377\000A\000u\000t\000h\000o\000r\000i\000z\000a\000t\000i\000o\000n}{}% 2
\BOOKMARK [0][-]{section*.2}{\376\377\000S\000i\000g\000n\000a\000t\000u\000r\000e\000\040\000P\000a\000g\000e}{}% 3
\BOOKMARK [0][-]{chapter*.3}{\376\377\000A\000c\000k\000n\000o\000w\000l\000e\000d\000g\000e\000m\000e\000n\000t\000s}{}% 4
\BOOKMARK [0][-]{chapter*.4}{\376\377\000T\000a\000b\000l\000e\000\040\000o\000f\000\040\000C\000o\000n\000t\000e\000n\000t\000s}{}% 5
\BOOKMARK [0][-]{chapter*.5}{\376\377\000L\000i\000s\000t\000\040\000o\000f\000\040\000F\000i\000g\000u\000r\000e\000s}{}% 6
\BOOKMARK [0][-]{chapter*.6}{\376\377\000L\000i\000s\000t\000\040\000o\000f\000\040\000T\000a\000b\000l\000e\000s}{}% 7
\BOOKMARK [0][-]{chapter*.7}{\376\377\000L\000i\000s\000t\000\040\000o\000f\000\040\000A\000l\000g\000o\000r\000i\000t\000h\000m\000s}{}% 8
\BOOKMARK [0][-]{section*.8}{\376\377\000A\000b\000s\000t\000r\000a\000c\000t}{}% 9
\BOOKMARK [0][-]{chapter.1}{\376\377\0001\000\040\000I\000n\000t\000r\000o\000d\000u\000c\000t\000i\000o\000n}{}% 10
\BOOKMARK [1][-]{section.1.1}{\376\377\0001\000.\0001\000\040\000T\000h\000e\000\040\000s\000e\000t\000-\000u\000p}{chapter.1}% 11
\BOOKMARK [0][-]{chapter.2}{\376\377\0002\000\040\000E\000x\000a\000m\000p\000l\000e\000\040\000c\000h\000a\000p\000t\000e\000r}{}% 12
\BOOKMARK [1][-]{section.2.1}{\376\377\0002\000.\0001\000\040\000B\000a\000c\000k\000g\000r\000o\000u\000n\000d}{chapter.2}% 13
\BOOKMARK [2][-]{subsection.2.1.1}{\376\377\0002\000.\0001\000.\0001\000\040\000C\000r\000o\000s\000s\000\040\000r\000e\000f\000e\000r\000e\000n\000c\000e\000s}{section.2.1}% 14
\BOOKMARK [2][-]{subsection.2.1.2}{\376\377\0002\000.\0001\000.\0002\000\040\000C\000i\000t\000a\000t\000i\000o\000n\000\040\000a\000n\000d\000\040\000b\000i\000b\000l\000i\000o\000g\000r\000a\000p\000h\000y}{section.2.1}% 15
\BOOKMARK [1][-]{section.2.2}{\376\377\0002\000.\0002\000\040\000M\000a\000t\000h}{chapter.2}% 16
\BOOKMARK [2][-]{subsection.2.2.1}{\376\377\0002\000.\0002\000.\0001\000\040\000S\000y\000m\000b\000o\000l\000s}{section.2.2}% 17
\BOOKMARK [2][-]{subsection.2.2.2}{\376\377\0002\000.\0002\000.\0002\000\040\000E\000q\000u\000a\000t\000i\000o\000n\000s}{section.2.2}% 18
\BOOKMARK [2][-]{subsection.2.2.3}{\376\377\0002\000.\0002\000.\0003\000\040\000T\000h\000e\000o\000r\000e\000m}{section.2.2}% 19
\BOOKMARK [1][-]{section.2.3}{\376\377\0002\000.\0003\000\040\000F\000i\000g\000u\000r\000e}{chapter.2}% 20
\BOOKMARK [1][-]{section.2.4}{\376\377\0002\000.\0004\000\040\000T\000a\000b\000l\000e}{chapter.2}% 21
\BOOKMARK [1][-]{section.2.5}{\376\377\0002\000.\0005\000\040\000C\000o\000d\000e}{chapter.2}% 22
\BOOKMARK [2][-]{subsection.2.5.1}{\376\377\0002\000.\0005\000.\0001\000\040\000I\000n\000l\000i\000n\000e\000\040\000c\000o\000d\000e}{section.2.5}% 23
\BOOKMARK [2][-]{subsection.2.5.2}{\376\377\0002\000.\0005\000.\0002\000\040\000C\000o\000d\000e\000\040\000e\000n\000v\000i\000r\000o\000n\000m\000e\000n\000t}{section.2.5}% 24
\BOOKMARK [0][-]{chapter.3}{\376\377\0003\000\040\000C\000o\000n\000c\000l\000u\000s\000i\000o\000n\000s}{}% 25
\BOOKMARK [0][-]{appendix.A}{\376\377\000A\000\040\000L\000i\000s\000t\000\040\000o\000f\000\040\000P\000u\000b\000l\000i\000c\000a\000t\000i\000o\000n\000s}{}% 26
\BOOKMARK [0][-]{appendix.B}{\376\377\000B\000\040\000F\000Y\000T\000G\000S\000\040\000R\000e\000q\000u\000i\000r\000e\000m\000e\000n\000t\000s}{}% 27
\BOOKMARK [1][-]{section.B.1}{\376\377\000B\000.\0001\000\040\000C\000o\000m\000p\000o\000n\000e\000n\000t\000s}{appendix.B}% 28
\BOOKMARK [2][-]{subsection.B.1.1}{\376\377\000B\000.\0001\000.\0001\000\040\000O\000r\000d\000e\000r}{section.B.1}% 29
\BOOKMARK [2][-]{subsection.B.1.2}{\376\377\000B\000.\0001\000.\0002\000\040\000A\000u\000t\000h\000o\000r\000i\000z\000a\000t\000i\000o\000n\000\040\000p\000a\000g\000e}{section.B.1}% 30
\BOOKMARK [2][-]{subsection.B.1.3}{\376\377\000B\000.\0001\000.\0003\000\040\000S\000i\000g\000n\000a\000t\000u\000r\000e\000\040\000p\000a\000g\000e}{section.B.1}% 31
\BOOKMARK [2][-]{subsection.B.1.4}{\376\377\000B\000.\0001\000.\0004\000\040\000A\000c\000k\000n\000o\000w\000l\000e\000d\000g\000m\000e\000n\000t\000s}{section.B.1}% 32
\BOOKMARK [2][-]{subsection.B.1.5}{\376\377\000B\000.\0001\000.\0005\000\040\000A\000b\000s\000t\000r\000a\000c\000t}{section.B.1}% 33
\BOOKMARK [2][-]{subsection.B.1.6}{\376\377\000B\000.\0001\000.\0006\000\040\000B\000i\000b\000l\000i\000o\000g\000r\000a\000p\000h\000y}{section.B.1}% 34
\BOOKMARK [1][-]{section.B.2}{\376\377\000B\000.\0002\000\040\000L\000a\000n\000g\000u\000a\000g\000e\000,\000\040\000S\000t\000y\000l\000e\000\040\000a\000n\000d\000\040\000F\000o\000r\000m\000a\000t}{appendix.B}% 35
\BOOKMARK [2][-]{subsection.B.2.1}{\376\377\000B\000.\0002\000.\0001\000\040\000L\000a\000n\000g\000u\000a\000g\000e}{section.B.2}% 36
\BOOKMARK [2][-]{subsection.B.2.2}{\376\377\000B\000.\0002\000.\0002\000\040\000P\000a\000g\000i\000n\000a\000t\000i\000o\000n}{section.B.2}% 37
\BOOKMARK [2][-]{subsection.B.2.3}{\376\377\000B\000.\0002\000.\0003\000\040\000F\000o\000r\000m\000a\000t}{section.B.2}% 38
\BOOKMARK [2][-]{subsection.B.2.4}{\376\377\000B\000.\0002\000.\0004\000\040\000F\000o\000o\000t\000n\000o\000t\000e\000s}{section.B.2}% 39
\BOOKMARK [2][-]{subsection.B.2.5}{\376\377\000B\000.\0002\000.\0005\000\040\000A\000p\000p\000e\000n\000d\000i\000c\000e\000s}{section.B.2}% 40
\BOOKMARK [2][-]{subsection.B.2.6}{\376\377\000B\000.\0002\000.\0006\000\040\000F\000i\000g\000u\000r\000e\000s\000,\000\040\000T\000a\000b\000l\000e\000s\000\040\000a\000n\000d\000\040\000I\000l\000l\000u\000s\000t\000r\000a\000t\000i\000o\000n\000s}{section.B.2}% 41
\BOOKMARK [2][-]{subsection.B.2.7}{\376\377\000B\000.\0002\000.\0007\000\040\000P\000h\000o\000t\000o\000g\000r\000a\000p\000h\000s\000/\000I\000m\000a\000g\000e\000s}{section.B.2}% 42
\BOOKMARK [2][-]{subsection.B.2.8}{\376\377\000B\000.\0002\000.\0008\000\040\000A\000d\000d\000i\000t\000i\000o\000n\000a\000l\000\040\000M\000a\000t\000e\000r\000i\000a\000l\000s}{section.B.2}% 43
